
   INFO  Starting server on 0.0.0.0:8001 (127.0.0.1).  

   INFO  Gracefully terminating connections.  


   INFO  Starting server on 0.0.0.0:8001 (127.0.0.1).  

   INFO  Gracefully terminating connections.  


   INFO  Starting server on 0.0.0.0:8001 (127.0.0.1).  


   Illuminate\Database\QueryException 

  SQLSTATE[HY000] [2002] Connection refused (Connection: mysql, SQL: select * from `cache` where `key` in (laravel:reverb:restart))

  at vendor/laravel/framework/src/Illuminate/Database/Connection.php:825
    821▕                     $this->getName(), $query, $this->prepareBindings($bindings), $e
    822▕                 );
    823▕             }
    824▕ 
  ➜ 825▕             throw new QueryException(
    826▕                 $this->getName(), $query, $this->prepareBindings($bindings), $e
    827▕             );
    828▕         }
    829▕     }

      [2m+40 vendor frames [22m

  41  artisan:13
      Illuminate\Foundation\Application::handleCommand()


   INFO  Gracefully terminating connections.  


   INFO  Starting server on 0.0.0.0:8001 (127.0.0.1).  

   INFO  Gracefully terminating connections.  


   INFO  Starting server on 0.0.0.0:8001 (127.0.0.1).  


   Illuminate\Database\QueryException 

  SQLSTATE[HY000] [2002] Connection refused (Connection: mysql, SQL: select * from `cache` where `key` in (laravel:reverb:restart))

  at vendor/laravel/framework/src/Illuminate/Database/Connection.php:825
    821▕                     $this->getName(), $query, $this->prepareBindings($bindings), $e
    822▕                 );
    823▕             }
    824▕ 
  ➜ 825▕             throw new QueryException(
    826▕                 $this->getName(), $query, $this->prepareBindings($bindings), $e
    827▕             );
    828▕         }
    829▕     }

      [2m+40 vendor frames [22m

  41  artisan:13
      Illuminate\Foundation\Application::handleCommand()


   INFO  Gracefully terminating connections.  


   INFO  Starting server on 0.0.0.0:8001 (127.0.0.1).  

   INFO  Gracefully terminating connections.  


   INFO  Starting server on 0.0.0.0:8001 (127.0.0.1).  

   INFO  Gracefully terminating connections.  


   INFO  Starting server on 0.0.0.0:8001 (127.0.0.1).  

   INFO  Gracefully terminating connections.  


   INFO  Starting server on 0.0.0.0:8001 (127.0.0.1).  


   Illuminate\Database\QueryException 

  SQLSTATE[HY000] [2002] Connection refused (Connection: mysql, SQL: select * from `cache` where `key` in (laravel:reverb:restart))

  at vendor/laravel/framework/src/Illuminate/Database/Connection.php:825
    821▕                     $this->getName(), $query, $this->prepareBindings($bindings), $e
    822▕                 );
    823▕             }
    824▕ 
  ➜ 825▕             throw new QueryException(
    826▕                 $this->getName(), $query, $this->prepareBindings($bindings), $e
    827▕             );
    828▕         }
    829▕     }

      [2m+40 vendor frames [22m

  41  artisan:13
      Illuminate\Foundation\Application::handleCommand()


   INFO  Gracefully terminating connections.  


   INFO  Starting server on 0.0.0.0:8001 (127.0.0.1).  

   INFO  Gracefully terminating connections.  


   INFO  Starting server on 0.0.0.0:8001 (127.0.0.1).  

   INFO  Gracefully terminating connections.  


   INFO  Starting server on 0.0.0.0:8001 (127.0.0.1).  

   INFO  Gracefully terminating connections.  


   INFO  Starting server on 0.0.0.0:8001 (127.0.0.1).  


   Illuminate\Database\QueryException 

  SQLSTATE[HY000] [2002] Connection refused (Connection: mysql, SQL: select * from `cache` where `key` in (laravel:reverb:restart))

  at vendor/laravel/framework/src/Illuminate/Database/Connection.php:825
    821▕                     $this->getName(), $query, $this->prepareBindings($bindings), $e
    822▕                 );
    823▕             }
    824▕ 
  ➜ 825▕             throw new QueryException(
    826▕                 $this->getName(), $query, $this->prepareBindings($bindings), $e
    827▕             );
    828▕         }
    829▕     }

      [2m+40 vendor frames [22m

  41  artisan:13
      Illuminate\Foundation\Application::handleCommand()


   INFO  Starting server on 0.0.0.0:8001 (127.0.0.1).  


   INFO  Starting server on 0.0.0.0:8001 (127.0.0.1).  

   INFO  Gracefully terminating connections.  


   INFO  Starting server on 0.0.0.0:8001 (127.0.0.1).  

   INFO  Gracefully terminating connections.  


   INFO  Starting server on 0.0.0.0:8001 (127.0.0.1).  


   Illuminate\Database\QueryException 

  SQLSTATE[42S02]: Base table or view not found: 1146 Table 'laravel_test.cache' doesn't exist (Connection: mysql, SQL: select * from `cache` where `key` in (laravel:reverb:restart))

  at vendor/laravel/framework/src/Illuminate/Database/Connection.php:825
    821▕                     $this->getName(), $query, $this->prepareBindings($bindings), $e
    822▕                 );
    823▕             }
    824▕ 
  ➜ 825▕             throw new QueryException(
    826▕                 $this->getName(), $query, $this->prepareBindings($bindings), $e
    827▕             );
    828▕         }
    829▕     }

      [2m+29 vendor frames [22m

  30  artisan:13
      Illuminate\Foundation\Application::handleCommand()

